<?xml version="1.0" encoding="UTF-8"?>
<testsuite xmlns:xsi="http://www.w3.org/2001/XMLSchema-instance" xsi:noNamespaceSchemaLocation="https://maven.apache.org/surefire/maven-surefire-plugin/xsd/surefire-test-report.xsd" name="IntervalServiceTest" time="0.021" tests="10" errors="0" skipped="0" failures="0">
  <properties>
[...]
</properties>
  <testcase name="testExample1" classname="IntervalServiceTest" time="0.011"/>
  <testcase name="testExample2" classname="IntervalServiceTest" time="0.002"/>
  <testcase name="testExample3" classname="IntervalServiceTest" time="0.001"/>
  <testcase name="testExample4" classname="IntervalServiceTest" time="0"/>
  <testcase name="testExample5" classname="IntervalServiceTest" time="0"/>
  <testcase name="testExample6" classname="IntervalServiceTest" time="0.001"/>
  <testcase name="testExample7" classname="IntervalServiceTest" time="0.001"/>
  <testcase name="testExample8" classname="IntervalServiceTest" time="0.001"/>
  <testcase name="testExample9" classname="IntervalServiceTest" time="0"/>
  <testcase name="testExample10" classname="IntervalServiceTest" time="0.001"/>
</testsuite>