<?xml version="1.0" encoding="UTF-8"?>
<testsuite xmlns:xsi="http://www.w3.org/2001/XMLSchema-instance" xsi:noNamespaceSchemaLocation="https://maven.apache.org/surefire/maven-surefire-plugin/xsd/surefire-test-report.xsd" name="IntervalTest" time="0.02" tests="7" errors="0" skipped="0" failures="0">
  <properties>
[...]
</properties>
  <testcase name="testGetCount" classname="IntervalTest" time="0.011"/>
  <testcase name="testAddClosedInterval" classname="IntervalTest" time="0.001"/>
  <testcase name="testGetIntersectionIntervals" classname="IntervalTest" time="0.001"/>
  <testcase name="testFindClosestNearest" classname="IntervalTest" time="0"/>
  <testcase name="testFindClosestExactMatch" classname="IntervalTest" time="0.001"/>
  <testcase name="testAddOpenInterval" classname="IntervalTest" time="0"/>
  <testcase name="testClearIntervals" classname="IntervalTest" time="0"/>
</testsuite>